Arguments: 
  C:\Program Files\nodejs\node.exe C:\Program Files\nodejs\node_modules\yarn\bin\yarn.js add electron-builder --dev

PATH: 
  C:\Program Files\Common Files\Oracle\Java\javapath;C:\Program Files (x86)\Common Files\Oracle\Java\javapath;C:\Program Files (x86)\Razer Chroma SDK\bin;C:\Program Files\Razer Chroma SDK\bin;C:\Program Files (x86)\Razer\ChromaBroadcast\bin;C:\Program Files\Razer\ChromaBroadcast\bin;C:\Program Files\Java\jre1.8.0_261\bin;C:\Program Files\Git\cmd;C:\Program Files\PuTTY\;C:\Users\savant\AppData\Roaming\nvm;C:\Program Files\nodejs;C:\WINDOWS\system32;C:\WINDOWS;C:\WINDOWS\System32\Wbem;C:\WINDOWS\System32\WindowsPowerShell\v1.0\;C:\WINDOWS\System32\OpenSSH\;C:\Program Files (x86)\NVIDIA Corporation\PhysX\Common;C:\Program Files\NVIDIA Corporation\NVIDIA NvDLISR;C:\Program Files\dotnet\;C:\Program Files (x86)\Windows Kits\10\Windows Performance Toolkit\;C:\WINDOWS\system32\config\systemprofile\AppData\Local\Microsoft\WindowsApps;;C:\WINDOWS\system32;C:\WINDOWS;C:\WINDOWS\System32\Wbem;C:\WINDOWS\System32\WindowsPowerShell\v1.0\;C:\WINDOWS\System32\OpenSSH\;C:\Program Files\Git LFS;C:\Program Files\Go\bin;C:\Program Files (x86)\Microsoft SQL Server\140\Tools\Binn\;C:\Program Files\Microsoft SQL Server\140\Tools\Binn\;C:\Program Files (x86)\Microsoft SQL Server\140\DTS\Binn\;C:\Program Files\Microsoft SQL Server\140\DTS\Binn\;C:\Program Files\Microsoft SQL Server\Client SDK\ODBC\130\Tools\Binn\;C:\Program Files\Common Files\Oracle\Java\javapath;C:\Program Files (x86)\Common Files\Oracle\Java\javapath;C:\Program Files (x86)\Razer Chroma SDK\bin;C:\Program Files\Razer Chroma SDK\bin;C:\Program Files (x86)\Razer\ChromaBroadcast\bin;C:\Program Files\Razer\ChromaBroadcast\bin;C:\Program Files\Java\jre1.8.0_261\bin;C:\Program Files\Git\cmd;C:\Program Files\PuTTY\;C:\Users\savant\AppData\Roaming\nvm;C:\Program Files\nodejs;C:\WINDOWS\system32;C:\WINDOWS;C:\WINDOWS\System32\Wbem;C:\WINDOWS\System32\WindowsPowerShell\v1.0\;C:\WINDOWS\System32\OpenSSH\;C:\Program Files (x86)\NVIDIA Corporation\PhysX\Common;C:\Program Files\NVIDIA Corporation\NVIDIA NvDLISR;C:\Program Files\dotnet\;C:\Program Files (x86)\Windows Kits\10\Windows Performance Toolkit\;C:\WINDOWS\system32\config\systemprofile\AppData\Local\Microsoft\WindowsApps;C:\WINDOWS\system32;C:\WINDOWS;C:\WINDOWS\System32\Wbem;C:\WINDOWS\System32\WindowsPowerShell\v1.0\;C:\WINDOWS\System32\OpenSSH\;C:\Program Files\Git LFS;C:\Users\savant\AppData\Local\Prog;C:\Users\savant\AppData\Local\.bvm;C:\Users\savant\AppData\Local\Programs\Microsoft VS Code\bin;C:\Program Files\mpv;C:\Program Files (x86)\sox-14-4-0;C:\Users\savant\go\bin;C:\Users\savant\go;C:\Program Files\Go\bin;

Yarn version: 
  1.22.17

Node version: 
  14.15.0

Platform: 
  win32 x64

Trace: 
  SyntaxError: C:\Users\savant\Desktop\synergy-browser-tool\package.json: Unexpected token } in JSON at position 158
      at JSON.parse (<anonymous>)
      at C:\Users\savant\AppData\Roaming\nvm\v14.15.0\node_modules\yarn\lib\cli.js:1625:59
      at Generator.next (<anonymous>)
      at step (C:\Users\savant\AppData\Roaming\nvm\v14.15.0\node_modules\yarn\lib\cli.js:310:30)
      at C:\Users\savant\AppData\Roaming\nvm\v14.15.0\node_modules\yarn\lib\cli.js:321:13

npm manifest: 
  {
    "name": "synergy-browser-tool",
    "version": "1.0.0",
    "description": "",
    "main": "index.js",
    "build": {
      "appId": "synergy-browser-tool",
      
    },
    "scripts": {
      "start": "electron .",
      "pack": "electron-builder --dir",
      "dist": "electron-builder",
      "test": "echo \"Error: no test specified\" && exit 1"
    },
    "repository": {
      "type": "git",
      "url": "git+https://github.com/B3N909/synergy-browser-tool.git"
    },
    "keywords": [],
    "author": "",
    "license": "ISC",
    "bugs": {
      "url": "https://github.com/B3N909/synergy-browser-tool/issues"
    },
    "homepage": "https://github.com/B3N909/synergy-browser-tool#readme",
    "dependencies": {
      "@667/ps-list": "^1.0.16",
      "axios": "^0.26.0",
      "chrome-paths": "^1.0.1",
      "colors": "^1.4.0",
      "electron": "^13.0.0",
      "electron-google-oauth": "^2.0.0",
      "electron-prompt": "^1.7.0",
      "electron-reload": "^2.0.0-alpha.1",
      "express": "^4.17.3",
      "fast-average-color-node": "^2.1.0",
      "firebase": "^9.6.8",
      "interactjs": "^1.10.11",
      "jQuery": "^1.7.4",
      "jquery-ui": "^1.13.1",
      "jsonwebtoken": "^8.5.1",
      "monaco-editor": "^0.32.1",
      "ps-list": "^8.1.0",
      "puppeteer": "^13.4.0",
      "puppeteer-extra": "^3.2.3",
      "puppeteer-extra-plugin-stealth": "^2.9.0",
      "querystring": "^0.2.1",
      "request": "^2.88.2",
      "uuid-random": "^1.3.2"
    }
  }

yarn manifest: 
  No manifest

Lockfile: 
  No lockfile
